0 info it worked if it ends with ok
1 verbose cli [ '/usr/local/bin/node',
1 verbose cli   '/usr/local/bin/npm',
1 verbose cli   'install',
1 verbose cli   '-g',
1 verbose cli   'gulp-less' ]
2 info using npm@1.4.28
3 info using node@v0.10.36
4 verbose cache add [ 'gulp-less', null ]
5 verbose cache add name=undefined spec="gulp-less" args=["gulp-less",null]
6 verbose parsed url { protocol: null,
6 verbose parsed url   slashes: null,
6 verbose parsed url   auth: null,
6 verbose parsed url   host: null,
6 verbose parsed url   port: null,
6 verbose parsed url   hostname: null,
6 verbose parsed url   hash: null,
6 verbose parsed url   search: null,
6 verbose parsed url   query: null,
6 verbose parsed url   pathname: 'gulp-less',
6 verbose parsed url   path: 'gulp-less',
6 verbose parsed url   href: 'gulp-less' }
7 silly lockFile c3a282a6-gulp-less gulp-less
8 verbose lock gulp-less /Users/michelleliu/.npm/c3a282a6-gulp-less.lock
9 silly lockFile c3a282a6-gulp-less gulp-less
10 silly lockFile c3a282a6-gulp-less gulp-less
11 verbose addNamed [ 'gulp-less', '' ]
12 verbose addNamed [ null, '*' ]
13 silly lockFile d85f802e-gulp-less gulp-less@
14 verbose lock gulp-less@ /Users/michelleliu/.npm/d85f802e-gulp-less.lock
15 silly addNameRange { name: 'gulp-less', range: '*', hasData: false }
16 verbose request where is /gulp-less
17 verbose request registry https://registry.npmjs.org/
18 verbose request id 411aaa2b3826b58c
19 verbose url raw /gulp-less
20 verbose url resolving [ 'https://registry.npmjs.org/', './gulp-less' ]
21 verbose url resolved https://registry.npmjs.org/gulp-less
22 verbose request where is https://registry.npmjs.org/gulp-less
23 info trying registry request attempt 1 at 13:02:05
24 verbose etag "ATONXE06L1ZBQU40UQEI7N567"
25 http GET https://registry.npmjs.org/gulp-less
26 http 304 https://registry.npmjs.org/gulp-less
27 silly registry.get cb [ 304,
27 silly registry.get   { date: 'Sat, 16 May 2015 20:02:05 GMT',
27 silly registry.get     via: '1.1 varnish',
27 silly registry.get     'cache-control': 'max-age=60',
27 silly registry.get     etag: '"ATONXE06L1ZBQU40UQEI7N567"',
27 silly registry.get     age: '0',
27 silly registry.get     connection: 'keep-alive',
27 silly registry.get     'x-served-by': 'cache-iad2146-IAD',
27 silly registry.get     'x-cache': 'HIT',
27 silly registry.get     'x-cache-hits': '1',
27 silly registry.get     'x-timer': 'S1431806525.803032,VS0,VE55',
27 silly registry.get     vary: 'Accept' } ]
28 verbose etag https://registry.npmjs.org/gulp-less from cache
29 silly addNameRange number 2 { name: 'gulp-less', range: '*', hasData: true }
30 silly addNameRange versions [ 'gulp-less',
30 silly addNameRange   [ '0.0.0',
30 silly addNameRange     '0.0.1',
30 silly addNameRange     '0.0.2',
30 silly addNameRange     '0.0.3',
30 silly addNameRange     '1.0.1',
30 silly addNameRange     '1.0.0',
30 silly addNameRange     '1.0.2',
30 silly addNameRange     '1.1.0',
30 silly addNameRange     '1.1.1',
30 silly addNameRange     '1.1.3',
30 silly addNameRange     '1.1.4',
30 silly addNameRange     '1.1.5',
30 silly addNameRange     '1.1.6',
30 silly addNameRange     '1.1.7',
30 silly addNameRange     '1.1.8',
30 silly addNameRange     '1.1.10',
30 silly addNameRange     '1.2.0',
30 silly addNameRange     '1.2.1',
30 silly addNameRange     '1.2.2',
30 silly addNameRange     '1.2.3',
30 silly addNameRange     '1.2.4',
30 silly addNameRange     '1.3.0',
30 silly addNameRange     '1.3.1',
30 silly addNameRange     '1.3.2',
30 silly addNameRange     '1.3.3',
30 silly addNameRange     '1.3.4',
30 silly addNameRange     '1.3.5',
30 silly addNameRange     '1.3.6',
30 silly addNameRange     '1.3.7',
30 silly addNameRange     '1.3.8',
30 silly addNameRange     '1.3.9',
30 silly addNameRange     '2.0.0',
30 silly addNameRange     '2.0.1',
30 silly addNameRange     '2.0.2',
30 silly addNameRange     '2.0.3',
30 silly addNameRange     '3.0.0',
30 silly addNameRange     '3.0.1',
30 silly addNameRange     '3.0.2',
30 silly addNameRange     '3.0.3' ] ]
31 verbose addNamed [ 'gulp-less', '3.0.3' ]
32 verbose addNamed [ '3.0.3', '3.0.3' ]
33 silly lockFile 03003a96-gulp-less-3-0-3 gulp-less@3.0.3
34 verbose lock gulp-less@3.0.3 /Users/michelleliu/.npm/03003a96-gulp-less-3-0-3.lock
35 silly lockFile 03003a96-gulp-less-3-0-3 gulp-less@3.0.3
36 silly lockFile 03003a96-gulp-less-3-0-3 gulp-less@3.0.3
37 silly lockFile d85f802e-gulp-less gulp-less@
38 silly lockFile d85f802e-gulp-less gulp-less@
39 silly resolved [ { name: 'gulp-less',
39 silly resolved     version: '3.0.3',
39 silly resolved     description: 'Less for Gulp',
39 silly resolved     main: 'index.js',
39 silly resolved     scripts: { test: 'jshint index.js && node_modules/.bin/mocha' },
39 silly resolved     repository:
39 silly resolved      { type: 'git',
39 silly resolved        url: 'git://github.com/plus3network/gulp-less.git' },
39 silly resolved     keywords: [ 'gulpplugin', 'gulp', 'less' ],
39 silly resolved     author: { name: 'Chris Cowan' },
39 silly resolved     license: 'MIT',
39 silly resolved     dependencies:
39 silly resolved      { accord: '^0.15.2',
39 silly resolved        'gulp-util': '^3.0.4',
39 silly resolved        less: '^2.4.0',
39 silly resolved        'object-assign': '^2.0.0',
39 silly resolved        through2: '^0.6.3',
39 silly resolved        'vinyl-sourcemaps-apply': '^0.1.4' },
39 silly resolved     devDependencies: { jshint: '^2.4.1', mocha: '^2.1.0', should: '^4.6.5' },
39 silly resolved     gitHead: 'a8814743092ce246d5d7765d953ac30b7f92570d',
39 silly resolved     bugs: { url: 'https://github.com/plus3network/gulp-less/issues' },
39 silly resolved     homepage: 'https://github.com/plus3network/gulp-less',
39 silly resolved     _id: 'gulp-less@3.0.3',
39 silly resolved     _shasum: '15ec6c49dc7a42d7558dc0e95b622d36dfc94e9f',
39 silly resolved     _from: 'gulp-less@',
39 silly resolved     _npmVersion: '1.4.28',
39 silly resolved     _npmUser: { name: 'fractal', email: 'contact@wearefractal.com' },
39 silly resolved     maintainers: [ [Object], [Object] ],
39 silly resolved     dist:
39 silly resolved      { shasum: '15ec6c49dc7a42d7558dc0e95b622d36dfc94e9f',
39 silly resolved        tarball: 'http://registry.npmjs.org/gulp-less/-/gulp-less-3.0.3.tgz' },
39 silly resolved     directories: {},
39 silly resolved     _resolved: 'https://registry.npmjs.org/gulp-less/-/gulp-less-3.0.3.tgz',
39 silly resolved     readme: 'ERROR: No README data found!' } ]
40 info install gulp-less@3.0.3 into /usr/local/lib
41 info installOne gulp-less@3.0.3
42 verbose lib/node_modules/gulp-less unbuild
43 verbose tar unpack /Users/michelleliu/.npm/gulp-less/3.0.3/package.tgz
44 silly lockFile 9beb484e-local-lib-node-modules-gulp-less tar:///usr/local/lib/node_modules/gulp-less
45 verbose lock tar:///usr/local/lib/node_modules/gulp-less /Users/michelleliu/.npm/9beb484e-local-lib-node-modules-gulp-less.lock
46 silly lockFile 6d3e47bd--npm-gulp-less-3-0-3-package-tgz tar:///Users/michelleliu/.npm/gulp-less/3.0.3/package.tgz
47 verbose lock tar:///Users/michelleliu/.npm/gulp-less/3.0.3/package.tgz /Users/michelleliu/.npm/6d3e47bd--npm-gulp-less-3-0-3-package-tgz.lock
48 silly gunzTarPerm modes [ '755', '644' ]
49 error Error: EACCES, mkdir '/usr/local/lib/node_modules/gulp-less'
49 error  { [Error: EACCES, mkdir '/usr/local/lib/node_modules/gulp-less']
49 error   errno: 3,
49 error   code: 'EACCES',
49 error   path: '/usr/local/lib/node_modules/gulp-less',
49 error   fstream_type: 'Directory',
49 error   fstream_path: '/usr/local/lib/node_modules/gulp-less',
49 error   fstream_class: 'DirWriter',
49 error   fstream_stack:
49 error    [ '/usr/local/lib/node_modules/npm/node_modules/fstream/lib/dir-writer.js:36:23',
49 error      '/usr/local/lib/node_modules/npm/node_modules/mkdirp/index.js:46:53',
49 error      'Object.oncomplete (fs.js:108:15)' ] }
50 error Please try running this command again as root/Administrator.
51 error System Darwin 14.3.0
52 error command "/usr/local/bin/node" "/usr/local/bin/npm" "install" "-g" "gulp-less"
53 error cwd /Users/michelleliu/Dropbox/Development/Projects/ignite
54 error node -v v0.10.36
55 error npm -v 1.4.28
56 error path /usr/local/lib/node_modules/gulp-less
57 error fstream_path /usr/local/lib/node_modules/gulp-less
58 error fstream_type Directory
59 error fstream_class DirWriter
60 error code EACCES
61 error errno 3
62 error stack Error: EACCES, mkdir '/usr/local/lib/node_modules/gulp-less'
63 error fstream_stack /usr/local/lib/node_modules/npm/node_modules/fstream/lib/dir-writer.js:36:23
63 error fstream_stack /usr/local/lib/node_modules/npm/node_modules/mkdirp/index.js:46:53
63 error fstream_stack Object.oncomplete (fs.js:108:15)
64 verbose exit [ 3, true ]
